99/99/99	99:99:99	695	50	700	62	460	50	541
99/99/99	99:99:99	440	95	470	55	532	54	546
99/99/99	99:99:99	695	49	700	67	460	50	541
99/99/99	99:99:99	440	49	470	51	532	44	546
99/99/99	99:99:99	695	47	700	61	460	50	541
99/99/99	99:99:99	440	91	470	58	532	47	546
99/99/99	99:99:99	440	82	470	53	532	45	546
99/99/99	99:99:99	695	47	700	58	460	50	541
99/99/99	99:99:99	440	46	470	50	532	50	546
99/99/99	99:99:99	695	49	700	55	460	50	541
99/99/99	99:99:99	440	53	470	56	532	48	546
99/99/99	99:99:99	695	45	700	65	460	50	541
99/99/99	99:99:99	440	25	470	55	532	44	546
99/99/99	99:99:99	695	52	700	58	460	50	541
99/99/99	99:99:99	440	112	470	56	532	50	546
99/99/99	99:99:99	695	45	700	61	460	50	541
99/99/99	99:99:99	440	116	470	29	532	48	546
99/99/99	99:99:99	695	46	700	59	460	50	541
99/99/99	99:99:99	440	51	470	30	532	49	546
99/99/99	99:99:99	695	45	700	60	460	50	541
99/99/99	99:99:99	440	14	470	57	532	45	546
99/99/99	99:99:99	695	50	700	60	460	50	541
99/99/99	99:99:99	440	22	470	89	532	54	546
99/99/99	99:99:99	695	44	700	56	460	50	541
99/99/99	99:99:99	440	40	470	83	532	49	546
99/99/99	99:99:99	695	49	700	59	460	50	541
99/99/99	99:99:99	440	89	470	40	532	48	546
99/99/99	99:99:99	695	46	700	58	460	50	541
99/99/99	99:99:99	440	83	470	-7	532	49	546
99/99/99	99:99:99	695	49	700	55	460	50	541
99/99/99	99:99:99	440	87	470	13	532	50	546
99/99/99	99:99:99	695	45	700	58	460	50	541
99/99/99	99:99:99	440	83	470	21	532	47	546
99/99/99	99:99:99	695	50	700	61	460	50	541
99/99/99	99:99:99	440	44	470	-8	532	50	546
99/99/99	99:99:99	695	49	700	62	460	50	541
99/99/99	99:99:99	440	43	470	79	532	53	546
99/99/99	99:99:99	695	46	700	63	460	50	541
99/99/99	99:99:99	440	51	470	109	532	48	546
99/99/99	99:99:99	695	41	700	57	460	50	541
99/99/99	99:99:99	440	60	470	94	532	50	546
99/99/99	99:99:99	695	50	700	56	460	50	540
99/99/99	99:99:99	440	50	470	42	532	48	546
99/99/99	99:99:99	440	60	470	114	532	44	546
99/99/99	99:99:99	695	50	700	62	460	50	541
99/99/99	99:99:99	440	59	470	136	532	51	546
99/99/99	99:99:99	695	49	700	64	460	50	540
99/99/99	99:99:99	440	57	470	12	532	50	546
99/99/99	99:99:99	695	42	700	57	460	50	540
99/99/99	99:99:99	440	52	470	171	532	45	546
99/99/99	99:99:99	695	43	700	60	460	50	540
99/99/99	99:99:99	440	56	470	175	532	40	545
99/99/99	99:99:99	695	49	700	60	460	50	540
99/99/99	99:99:99	440	57	470	137	532	40	546
99/99/99	99:99:99	695	47	700	55	460	50	541
99/99/99	99:99:99	440	57	470	101	532	36	546
99/99/99	99:99:99	695	43	700	57	460	50	540
99/99/99	99:99:99	440	63	470	86	532	40	546
99/99/99	99:99:99	695	39	700	61	460	50	540
99/99/99	99:99:99	440	61	470	101	532	39	545
99/99/99	99:99:99	695	44	700	58	460	50	540
99/99/99	99:99:99	440	57	470	67	532	51	546
99/99/99	99:99:99	695	49	700	62	460	50	540
99/99/99	99:99:99	440	59	470	119	532	-12	546
99/99/99	99:99:99	695	46	700	58	460	50	540
99/99/99	99:99:99	440	51	470	72	532	31	546
99/99/99	99:99:99	695	44	700	63	460	50	540
99/99/99	99:99:99	440	49	470	78	532	3	546
99/99/99	99:99:99	695	45	700	66	460	50	540
99/99/99	99:99:99	440	63	470	93	532	-24	545
99/99/99	99:99:99	695	48	700	59	460	50	540
99/99/99	99:99:99	440	51	470	48	532	66	545
99/99/99	99:99:99	695	46	700	62	460	50	540
99/99/99	99:99:99	440	57	470	30	532	105	545
99/99/99	99:99:99	695	48	700	64	460	50	540
99/99/99	99:99:99	440	59	470	43	532	98	545
99/99/99	99:99:99	695	45	700	57	460	50	540
99/99/99	99:99:99	440	50	470	50	532	105	545
99/99/99	99:99:99	695	52	700	61	460	50	540
99/99/99	99:99:99	440	61	470	66	532	35	546
99/99/99	99:99:99	695	49	700	58	460	50	540
99/99/99	99:99:99	440	61	470	48	532	-42	545
99/99/99	99:99:99	440	61	470	76	532	-544	545
99/99/99	99:99:99	695	50	700	68	460	56	540
99/99/99	99:99:99	440	59	470	179	532	-555	545
99/99/99	99:99:99	695	45	700	71	460	54	540
99/99/99	99:99:99	440	27	470	-3	532	-157	545
99/99/99	99:99:99	695	47	700	56	460	53	540
99/99/99	99:99:99	440	50	470	38	532	24	545
99/99/99	99:99:99	695	49	700	50	460	50	540
99/99/99	99:99:99	440	156	470	-1234	532	189	546
99/99/99	99:99:99	695	49	700	50	460	50	540
99/99/99	99:99:99	440	57	470	-331	532	313	545
99/99/99	99:99:99	695	49	700	50	460	50	540
99/99/99	99:99:99	440	67	470	-696	532	-34	545
99/99/99	99:99:99	695	49	700	50	460	50	540
99/99/99	99:99:99	440	51	470	53	532	547	546
99/99/99	99:99:99	695	49	700	50	460	50	540
99/99/99	99:99:99	440	50	470	50	532	50	545
99/99/99	99:99:99	695	49	700	50	460	50	540
99/99/99	99:99:99	440	50	470	50	532	50	545
99/99/99	99:99:99	695	50	700	76	460	50	540
99/99/99	99:99:99	440	50	470	10	532	48	545
99/99/99	99:99:99	695	50	700	57	460	50	540
99/99/99	99:99:99	440	65	470	81	532	50	545
99/99/99	99:99:99	695	41	700	51	460	50	540
99/99/99	99:99:99	440	62	470	244	532	45	545
99/99/99	99:99:99	695	50	700	55	460	50	540
99/99/99	99:99:99	440	62	470	211	532	-278	545
99/99/99	99:99:99	695	58	700	567	460	220	540
99/99/99	99:99:99	440	108	470	92	532	-115	545
99/99/99	99:99:99	695	411	700	3426	460	1041	540
99/99/99	99:99:99	440	136	470	138	532	35	545
99/99/99	99:99:99	695	114	700	892	460	72	540
99/99/99	99:99:99	440	111	470	124	532	35	545
99/99/99	99:99:99	695	116	700	248	460	54	540
99/99/99	99:99:99	440	110	470	113	532	50	545
99/99/99	99:99:99	695	107	700	178	460	47	540
99/99/99	99:99:99	440	111	470	118	532	60	545
99/99/99	99:99:99	695	109	700	165	460	41	540
99/99/99	99:99:99	440	112	470	125	532	112	545
99/99/99	99:99:99	440	117	470	121	532	101	545
99/99/99	99:99:99	695	111	700	164	460	36	540
99/99/99	99:99:99	440	124	470	120	532	54	545
99/99/99	99:99:99	695	114	700	166	460	22	540
99/99/99	99:99:99	440	142	470	116	532	106	545
99/99/99	99:99:99	695	114	700	181	460	-28	540
99/99/99	99:99:99	440	132	470	123	532	61	545
99/99/99	99:99:99	695	112	700	222	460	63	540
99/99/99	99:99:99	440	110	470	121	532	55	545
99/99/99	99:99:99	695	116	700	204	460	60	540
99/99/99	99:99:99	440	110	470	120	532	60	545
99/99/99	99:99:99	695	113	700	175	460	62	540
99/99/99	99:99:99	440	109	470	122	532	62	545
99/99/99	99:99:99	695	114	700	174	460	60	540
99/99/99	99:99:99	440	110	470	120	532	56	545
99/99/99	99:99:99	695	117	700	168	460	54	540
99/99/99	99:99:99	440	111	470	119	532	56	545
99/99/99	99:99:99	695	112	700	164	460	52	540
99/99/99	99:99:99	440	111	470	116	532	56	545
99/99/99	99:99:99	695	113	700	168	460	51	540
99/99/99	99:99:99	440	109	470	116	532	58	545
99/99/99	99:99:99	695	113	700	165	460	52	540
99/99/99	99:99:99	440	108	470	117	532	59	545
99/99/99	99:99:99	695	113	700	181	460	54	540
99/99/99	99:99:99	440	110	470	119	532	56	545
99/99/99	99:99:99	695	114	700	155	460	58	540
99/99/99	99:99:99	440	112	470	117	532	62	545
99/99/99	99:99:99	695	113	700	156	460	60	540
99/99/99	99:99:99	440	110	470	123	532	57	545
99/99/99	99:99:99	695	115	700	163	460	58	540
99/99/99	99:99:99	440	110	470	121	532	58	545
99/99/99	99:99:99	695	114	700	162	460	54	540
99/99/99	99:99:99	440	110	470	122	532	57	545
99/99/99	99:99:99	695	114	700	169	460	50	540
99/99/99	99:99:99	440	112	470	123	532	57	545
99/99/99	99:99:99	695	114	700	159	460	52	540
99/99/99	99:99:99	440	112	470	121	532	56	545
99/99/99	99:99:99	695	114	700	154	460	58	540
99/99/99	99:99:99	440	108	470	121	532	58	545
99/99/99	99:99:99	440	110	470	118	532	57	545
99/99/99	99:99:99	695	117	700	241	460	62	540
99/99/99	99:99:99	440	113	470	123	532	56	545
99/99/99	99:99:99	695	117	700	166	460	63	540
99/99/99	99:99:99	440	111	470	118	532	58	545
99/99/99	99:99:99	695	117	700	164	460	62	540
99/99/99	99:99:99	440	111	470	122	532	58	545
99/99/99	99:99:99	695	117	700	156	460	56	540
99/99/99	99:99:99	440	115	470	121	532	56	545
99/99/99	99:99:99	695	115	700	151	460	52	540
99/99/99	99:99:99	440	114	470	125	532	59	545
99/99/99	99:99:99	695	116	700	159	460	51	540
99/99/99	99:99:99	440	109	470	122	532	55	545
99/99/99	99:99:99	695	114	700	155	460	51	540
99/99/99	99:99:99	440	109	470	121	532	59	545
99/99/99	99:99:99	695	116	700	149	460	54	539
99/99/99	99:99:99	440	109	470	116	532	56	545
99/99/99	99:99:99	695	115	700	152	460	58	539
99/99/99	99:99:99	440	110	470	121	532	57	545
99/99/99	99:99:99	695	114	700	162	460	60	539
99/99/99	99:99:99	440	116	470	118	532	62	545
99/99/99	99:99:99	695	112	700	166	460	58	539
99/99/99	99:99:99	440	113	470	121	532	59	545
99/99/99	99:99:99	695	116	700	163	460	57	539
99/99/99	99:99:99	440	115	470	122	532	59	545
99/99/99	99:99:99	695	115	700	162	460	54	539
99/99/99	99:99:99	440	115	470	122	532	59	545
99/99/99	99:99:99	695	114	700	162	460	51	539
99/99/99	99:99:99	440	112	470	125	532	56	545
99/99/99	99:99:99	695	114	700	158	460	54	540
99/99/99	99:99:99	440	112	470	124	532	59	545
99/99/99	99:99:99	695	113	700	157	460	58	539
99/99/99	99:99:99	440	116	470	120	532	58	545
99/99/99	99:99:99	695	114	700	156	460	59	539
99/99/99	99:99:99	440	113	470	123	532	58	545
99/99/99	99:99:99	695	112	700	158	460	59	540
99/99/99	99:99:99	440	112	470	122	532	56	545
99/99/99	99:99:99	695	114	700	164	460	56	539
99/99/99	99:99:99	440	115	470	121	532	57	545
99/99/99	99:99:99	440	111	470	122	532	57	545
99/99/99	99:99:99	695	117	700	162	460	53	539
99/99/99	99:99:99	440	109	470	123	532	56	545
99/99/99	99:99:99	695	113	700	165	460	53	539
99/99/99	99:99:99	440	110	470	122	532	57	545
99/99/99	99:99:99	695	114	700	188	460	56	539
99/99/99	99:99:99	440	112	470	124	532	59	545
99/99/99	99:99:99	695	119	700	162	460	60	539
99/99/99	99:99:99	440	117	470	128	532	60	545
99/99/99	99:99:99	695	114	700	161	460	61	539
99/99/99	99:99:99	440	116	470	122	532	54	545
99/99/99	99:99:99	695	108	700	188	460	55	539
99/99/99	99:99:99	440	120	470	124	532	59	545
99/99/99	99:99:99	695	117	700	163	460	50	539
99/99/99	99:99:99	440	115	470	127	532	57	545
99/99/99	99:99:99	695	128	700	567	460	91	539
99/99/99	99:99:99	440	160	470	76	532	74	545
99/99/99	99:99:99	695	71	700	1908	460	-93	539
99/99/99	99:99:99	440	69	470	-102	532	65	545
99/99/99	99:99:99	695	133	700	3762	460	514	539
99/99/99	99:99:99	440	227	470	96	532	82	545
99/99/99	99:99:99	695	102	700	4127	460	161	539
99/99/99	99:99:99	440	411	470	348	532	150	545
99/99/99	99:99:99	695	42	700	114	460	51	539
99/99/99	99:99:99	440	42	470	-42	532	241	545
99/99/99	99:99:99	695	49	700	50	460	50	539
99/99/99	99:99:99	440	83	470	-355	532	914	545
99/99/99	99:99:99	695	49	700	50	460	50	539
99/99/99	99:99:99	440	4	470	74	532	34	545
99/99/99	99:99:99	695	49	700	50	460	50	539
99/99/99	99:99:99	440	29	470	209	532	-114	545
